\BOOKMARK [0][-]{chapter.1}{Introduction}{}
\BOOKMARK [0][-]{chapter.2}{Getting Started}{}
\BOOKMARK [1][-]{section.2.1}{QSigEx and ROOT}{chapter.2}
\BOOKMARK [1][-]{section.2.2}{Main Modules}{chapter.2}
\BOOKMARK [0][-]{chapter.3}{General Interface of QSigEx}{}
\BOOKMARK [1][-]{section.3.1}{Overview}{chapter.3}
\BOOKMARK [1][-]{section.3.2}{QSigExDirHandler: A Common Interface}{chapter.3}
\BOOKMARK [2][-]{subsection.3.2.1}{void SetDir\(TDirectory* folder\)}{section.3.2}
\BOOKMARK [2][-]{subsection.3.2.2}{TDirectory* GetDir\(\)}{section.3.2}
\BOOKMARK [2][-]{subsection.3.2.3}{void LoadCardFile\(const Char\137t* cardfilename\)}{section.3.2}
\BOOKMARK [2][-]{subsection.3.2.4}{void ClearCardBuf\(\)}{section.3.2}
\BOOKMARK [2][-]{subsection.3.2.5}{Int\137t Get\(\)}{section.3.2}
\BOOKMARK [2][-]{subsection.3.2.6}{void CleanDir\(\)}{section.3.2}
\BOOKMARK [1][-]{section.3.3}{The Configuration File}{chapter.3}
\BOOKMARK [1][-]{section.3.4}{The TDirectory Structure}{chapter.3}
\BOOKMARK [2][-]{subsection.3.4.1}{``Cuts'' TDirectory}{section.3.4}
\BOOKMARK [2][-]{subsection.3.4.2}{``Event Info'' TDirectory}{section.3.4}
\BOOKMARK [2][-]{subsection.3.4.3}{``PDFs'' TDirectory}{section.3.4}
\BOOKMARK [2][-]{subsection.3.4.4}{``Probs'' TDirectory}{section.3.4}
\BOOKMARK [2][-]{subsection.3.4.5}{``Fit'' TDirectory}{section.3.4}
